<?xml version="1.0" encoding="UTF-8"?>
<testng-results skipped="0" failed="0" ignored="6" total="10" passed="4">
  <reporter-output>
  </reporter-output>
  <suite name="QuickHire Suite" duration-ms="116925" started-at="2020-11-30T10:51:28Z" finished-at="2020-11-30T10:53:25Z">
    <groups>
    </groups>
    <test name="QuickHire Test2" duration-ms="116925" started-at="2020-11-30T10:51:28Z" finished-at="2020-11-30T10:53:25Z">
      <class name="org.automation.testcases.TC_003_Validate_filters_displayed_on_new_hire_list">
        <test-method status="PASS" signature="initiateDriverInstance()[pri:0, instance:org.automation.testcases.TC_003_Validate_filters_displayed_on_new_hire_list@185d8b6]" name="initiateDriverInstance" is-config="true" duration-ms="12180" started-at="2020-11-30T10:52:24Z" finished-at="2020-11-30T10:52:37Z">
          <reporter-output>
          </reporter-output>
        </test-method> <!-- initiateDriverInstance -->
        <test-method status="PASS" signature="FiltersDisplay()[pri:0, instance:org.automation.testcases.TC_003_Validate_filters_displayed_on_new_hire_list@185d8b6]" name="FiltersDisplay" duration-ms="2317" started-at="2020-11-30T10:52:37Z" finished-at="2020-11-30T10:52:39Z">
          <reporter-output>
          </reporter-output>
        </test-method> <!-- FiltersDisplay -->
        <test-method status="PASS" signature="tearDown(org.testng.ITestResult)[pri:0, instance:org.automation.testcases.TC_003_Validate_filters_displayed_on_new_hire_list@185d8b6]" name="tearDown" is-config="true" duration-ms="380" started-at="2020-11-30T10:52:39Z" finished-at="2020-11-30T10:52:39Z">
          <params>
            <param index="0">
              <value>
                <![CDATA[[TestResult name=FiltersDisplay status=SUCCESS method=TC_003_Validate_filters_displayed_on_new_hire_list.FiltersDisplay()[pri:0, instance:org.automation.testcases.TC_003_Validate_filters_displayed_on_new_hire_list@185d8b6] output={null}]]]>
              </value>
            </param>
          </params>
          <reporter-output>
          </reporter-output>
        </test-method> <!-- tearDown -->
      </class> <!-- org.automation.testcases.TC_003_Validate_filters_displayed_on_new_hire_list -->
      <class name="org.automation.testcases.TC_005_Validate_fields_Add_New_Hire">
        <test-method status="PASS" signature="initiateDriverInstance()[pri:0, instance:org.automation.testcases.TC_005_Validate_fields_Add_New_Hire@335eadca]" name="initiateDriverInstance" is-config="true" duration-ms="12151" started-at="2020-11-30T10:53:00Z" finished-at="2020-11-30T10:53:12Z">
          <reporter-output>
          </reporter-output>
        </test-method> <!-- initiateDriverInstance -->
        <test-method status="PASS" signature="validateFields()[pri:0, instance:org.automation.testcases.TC_005_Validate_fields_Add_New_Hire@335eadca]" name="validateFields" duration-ms="12606" started-at="2020-11-30T10:53:12Z" finished-at="2020-11-30T10:53:24Z">
          <reporter-output>
          </reporter-output>
        </test-method> <!-- validateFields -->
        <test-method status="PASS" signature="tearDown(org.testng.ITestResult)[pri:0, instance:org.automation.testcases.TC_005_Validate_fields_Add_New_Hire@335eadca]" name="tearDown" is-config="true" duration-ms="351" started-at="2020-11-30T10:53:24Z" finished-at="2020-11-30T10:53:25Z">
          <params>
            <param index="0">
              <value>
                <![CDATA[[TestResult name=validateFields status=SUCCESS method=TC_005_Validate_fields_Add_New_Hire.validateFields()[pri:0, instance:org.automation.testcases.TC_005_Validate_fields_Add_New_Hire@335eadca] output={null}]]]>
              </value>
            </param>
          </params>
          <reporter-output>
          </reporter-output>
        </test-method> <!-- tearDown -->
      </class> <!-- org.automation.testcases.TC_005_Validate_fields_Add_New_Hire -->
      <class name="org.automation.testcases.TC_004_Validate_Select_Customer_when_no_customers_in_list">
        <test-method status="PASS" signature="initiateDriverInstance()[pri:0, instance:org.automation.testcases.TC_004_Validate_Select_Customer_when_no_customers_in_list@67784306]" name="initiateDriverInstance" is-config="true" duration-ms="12267" started-at="2020-11-30T10:52:39Z" finished-at="2020-11-30T10:52:52Z">
          <reporter-output>
          </reporter-output>
        </test-method> <!-- initiateDriverInstance -->
        <test-method status="PASS" signature="validateSelectCustomerScreen()[pri:0, instance:org.automation.testcases.TC_004_Validate_Select_Customer_when_no_customers_in_list@67784306]" name="validateSelectCustomerScreen" duration-ms="7701" started-at="2020-11-30T10:52:52Z" finished-at="2020-11-30T10:52:59Z">
          <reporter-output>
          </reporter-output>
        </test-method> <!-- validateSelectCustomerScreen -->
        <test-method status="PASS" signature="tearDown(org.testng.ITestResult)[pri:0, instance:org.automation.testcases.TC_004_Validate_Select_Customer_when_no_customers_in_list@67784306]" name="tearDown" is-config="true" duration-ms="419" started-at="2020-11-30T10:52:59Z" finished-at="2020-11-30T10:53:00Z">
          <params>
            <param index="0">
              <value>
                <![CDATA[[TestResult name=validateSelectCustomerScreen status=SUCCESS method=TC_004_Validate_Select_Customer_when_no_customers_in_list.validateSelectCustomerScreen()[pri:0, instance:org.automation.testcases.TC_004_Validate_Select_Customer_when_no_customers_in_list@67784306] output={null}]]]>
              </value>
            </param>
          </params>
          <reporter-output>
          </reporter-output>
        </test-method> <!-- tearDown -->
      </class> <!-- org.automation.testcases.TC_004_Validate_Select_Customer_when_no_customers_in_list -->
      <class name="org.automation.testcases.TC_002_Validate_Creating_New_Hire_Altres">
        <test-method status="PASS" signature="setUp()[pri:0, instance:org.automation.testcases.TC_002_Validate_Creating_New_Hire_Altres@6f1fba17]" name="setUp" is-config="true" duration-ms="90" started-at="2020-11-30T10:51:28Z" finished-at="2020-11-30T10:51:28Z">
          <reporter-output>
          </reporter-output>
        </test-method> <!-- setUp -->
        <test-method status="PASS" signature="initiateDriverInstance()[pri:0, instance:org.automation.testcases.TC_002_Validate_Creating_New_Hire_Altres@6f1fba17]" name="initiateDriverInstance" is-config="true" duration-ms="13252" started-at="2020-11-30T10:51:28Z" finished-at="2020-11-30T10:51:41Z">
          <reporter-output>
          </reporter-output>
        </test-method> <!-- initiateDriverInstance -->
        <test-method status="PASS" signature="setCustomConfig()[pri:0, instance:org.automation.testcases.TC_002_Validate_Creating_New_Hire_Altres@6f1fba17]" name="setCustomConfig" duration-ms="42929" started-at="2020-11-30T10:51:41Z" finished-at="2020-11-30T10:52:24Z">
          <reporter-output>
          </reporter-output>
        </test-method> <!-- setCustomConfig -->
        <test-method status="PASS" signature="tearDown(org.testng.ITestResult)[pri:0, instance:org.automation.testcases.TC_002_Validate_Creating_New_Hire_Altres@6f1fba17]" name="tearDown" is-config="true" duration-ms="356" started-at="2020-11-30T10:52:24Z" finished-at="2020-11-30T10:52:24Z">
          <params>
            <param index="0">
              <value>
                <![CDATA[[TestResult name=setCustomConfig status=SUCCESS method=TC_002_Validate_Creating_New_Hire_Altres.setCustomConfig()[pri:0, instance:org.automation.testcases.TC_002_Validate_Creating_New_Hire_Altres@6f1fba17] output={null}]]]>
              </value>
            </param>
          </params>
          <reporter-output>
          </reporter-output>
        </test-method> <!-- tearDown -->
        <test-method status="PASS" signature="endReport()[pri:0, instance:org.automation.testcases.TC_002_Validate_Creating_New_Hire_Altres@6f1fba17]" name="endReport" is-config="true" duration-ms="203" started-at="2020-11-30T10:53:25Z" finished-at="2020-11-30T10:53:25Z">
          <reporter-output>
          </reporter-output>
        </test-method> <!-- endReport -->
      </class> <!-- org.automation.testcases.TC_002_Validate_Creating_New_Hire_Altres -->
    </test> <!-- QuickHire Test2 -->
  </suite> <!-- QuickHire Suite -->
</testng-results>
